<?xml version="1.0" encoding="UTF-8" standalone="no"?>
<testsuite failures="0" name="cucumber.runtime.formatter.JUnitFormatter" skipped="1" tests="1" time="0">
<testcase classname="Free CRM login page validation" name="To validate Free CRM Login Test with valid credentails" time="0">
<skipped><![CDATA[Given Login page is available to access.....................................undefined
When User enter the valid credentials.......................................undefined
Then User clicks the login button...........................................undefined
And page navigates without error............................................undefined
Given Login page is available to access.....................................undefined
When User enter the valid credentials.......................................undefined
Then User clicks the login button...........................................undefined
And page navigates without error............................................undefined
]]></skipped>
</testcase>
</testsuite>
