<?xml version="1.0" encoding="UTF-8"?>
<testng-results skipped="0" failed="0" ignored="0" total="1" passed="1">
  <reporter-output>
  </reporter-output>
  <suite name="Default suite" duration-ms="63" started-at="2018-10-11T16:25:59Z" finished-at="2018-10-11T16:25:59Z">
    <groups>
    </groups>
    <test name="Default test" duration-ms="63" started-at="2018-10-11T16:25:59Z" finished-at="2018-10-11T16:25:59Z">
      <class name="com.wipro.testngdemos.TestNGDemo1">
        <test-method status="PASS" signature="Test1()[pri:0, instance:com.wipro.testngdemos.TestNGDemo1@2a2d45ba]" name="Test1" duration-ms="22" started-at="2018-10-11T16:25:59Z" finished-at="2018-10-11T16:25:59Z">
          <reporter-output>
          </reporter-output>
        </test-method> <!-- Test1 -->
      </class> <!-- com.wipro.testngdemos.TestNGDemo1 -->
    </test> <!-- Default test -->
  </suite> <!-- Default suite -->
</testng-results>
