<?xml version="1.0" encoding="UTF-8"?>
<testng-results skipped="0" failed="0" ignored="1" total="3" passed="2">
  <reporter-output>
  </reporter-output>
  <suite name="SeleniumTrainingL2 by groups" duration-ms="56" started-at="2018-10-12T16:41:46Z" finished-at="2018-10-12T16:41:46Z">
    <groups>
      <group name="wipro">
        <method signature="TestNGAnnotations.login()[pri:0, instance:com.wipro.demo.TestNGAnnotations@587d1d39]" name="login" class="com.wipro.demo.TestNGAnnotations"/>
        <method signature="TestNGAnnotations.logout()[pri:0, instance:com.wipro.demo.TestNGAnnotations@587d1d39]" name="logout" class="com.wipro.demo.TestNGAnnotations"/>
      </group> <!-- wipro -->
      <group name="opencart">
        <method signature="TestNGAnnotations.login()[pri:0, instance:com.wipro.demo.TestNGAnnotations@587d1d39]" name="login" class="com.wipro.demo.TestNGAnnotations"/>
      </group> <!-- opencart -->
      <group name="training">
        <method signature="TestNGAnnotations.login()[pri:0, instance:com.wipro.demo.TestNGAnnotations@587d1d39]" name="login" class="com.wipro.demo.TestNGAnnotations"/>
      </group> <!-- training -->
    </groups>
    <test name="GRP-wipro" duration-ms="56" started-at="2018-10-12T16:41:46Z" finished-at="2018-10-12T16:41:46Z">
      <class name="com.wipro.demo.TestNGAnnotations">
        <test-method status="PASS" signature="login()[pri:0, instance:com.wipro.demo.TestNGAnnotations@587d1d39]" name="login" duration-ms="13" started-at="2018-10-12T16:41:46Z" finished-at="2018-10-12T16:41:46Z">
          <reporter-output>
          </reporter-output>
        </test-method> <!-- login -->
        <test-method status="PASS" signature="logout()[pri:0, instance:com.wipro.demo.TestNGAnnotations@587d1d39]" name="logout" duration-ms="3" started-at="2018-10-12T16:41:46Z" finished-at="2018-10-12T16:41:46Z">
          <reporter-output>
          </reporter-output>
        </test-method> <!-- logout -->
      </class> <!-- com.wipro.demo.TestNGAnnotations -->
    </test> <!-- GRP-wipro -->
  </suite> <!-- SeleniumTrainingL2 by groups -->
</testng-results>
