<?xml version="1.0" encoding="UTF-8"?>
<!-- Generated by org.testng.reporters.JUnitXMLReporter -->
<testsuite hostname="L-156073908" ignored="0" name="Free CRM appliaction" tests="2" failures="1" timestamp="23 Oct 2018 11:39:29 GMT" time="53.553" errors="0">
  <testcase name="loginpagetitletest" time="0.064" classname="com.qa.Testcase.Logintestcase">
    <failure type="java.lang.AssertionError" message="expected [#1 Free CRM] but found [#1 Free CRM software in the cloud for sales and service]">
      <![CDATA[java.lang.AssertionError: expected [#1 Free CRM] but found [#1 Free CRM software in the cloud for sales and service]
at com.qa.Testcase.Logintestcase.loginpagetitletest(Logintestcase.java:32)
... Removed 31 stack frames]]>
    </failure>
  </testcase> <!-- loginpagetitletest -->
  <testcase name="validatelogin" time="11.497" classname="com.qa.Testcase.Logintestcase"/>
</testsuite> <!-- Free CRM appliaction -->
