<?xml version="1.0" encoding="UTF-8"?>
<!-- Generated by org.testng.reporters.JUnitXMLReporter -->
<testsuite hostname="L-185015928" ignored="0" name="Default test" tests="3" failures="0" timestamp="12 Oct 2018 16:40:24 GMT" time="0.094" errors="0">
  <testcase name="login" time="0.021" classname="com.wipro.demo.TestNGAnnotations"/>
  <testcase name="logout" time="0.006" classname="com.wipro.demo.TestNGAnnotations"/>
  <testcase name="searchProduct" time="0.001" classname="com.wipro.demo.TestNGAnnotations"/>
</testsuite> <!-- Default test -->
