<?xml version="1.0" encoding="UTF-8"?>
<!-- Generated by org.testng.reporters.JUnitXMLReporter -->
<testsuite hostname="L-185015928" ignored="2" name="GRP-training" tests="1" failures="0" timestamp="12 Oct 2018 16:41:07 GMT" time="0.069" errors="0">
  <testcase name="login" time="0.019" classname="com.wipro.demo.TestNGAnnotations"/>
  <testcase name="logout" time="0.0" classname="com.wipro.demo.TestNGAnnotations">
    <ignored/>
  </testcase> <!-- logout -->
  <testcase name="searchProduct" time="0.0" classname="com.wipro.demo.TestNGAnnotations">
    <ignored/>
  </testcase> <!-- searchProduct -->
</testsuite> <!-- GRP-training -->
