<?xml version="1.0" encoding="UTF-8"?>
<!-- Generated by org.testng.reporters.JUnitXMLReporter -->
<testsuite hostname="L-185015928" ignored="1" name="GRP-wipro" tests="2" failures="0" timestamp="12 Oct 2018 16:41:46 GMT" time="0.056" errors="0">
  <testcase name="login" time="0.013" classname="com.wipro.demo.TestNGAnnotations"/>
  <testcase name="logout" time="0.003" classname="com.wipro.demo.TestNGAnnotations"/>
  <testcase name="searchProduct" time="0.0" classname="com.wipro.demo.TestNGAnnotations">
    <ignored/>
  </testcase> <!-- searchProduct -->
</testsuite> <!-- GRP-wipro -->
